# JRE version: OpenJDK Runtime Environment (17.0.6+10) (build 17.0.6+10-Debian-1)
# Java VM: OpenJDK 64-Bit Server VM (17.0.6+10-Debian-1, mixed mode, sharing, tiered, compressed oops, compressed class ptrs, g1 gc, linux-amd64)
GC Precious Log:
 CPUs: 4 total, 4 available
 Memory: 11843M
 Large Page Support: Disabled
 NUMA Support: Disabled
 Compressed Oops: Enabled (Zero based)
 Heap Region Size: 2M
 Heap Min Capacity: 8M
 Heap Initial Capacity: 186M
 Heap Max Capacity: 2962M
 Pre-touch: Disabled
 Parallel Workers: 4
 Concurrent Workers: 1
 Concurrent Refinement Workers: 4
 Periodic GC: Disabled
Heap:
 garbage-first heap   total 194560K, used 46899K [0x0000000746e00000, 0x0000000800000000)
  region size 2048K, 14 young (28672K), 2 survivors (4096K)
 Metaspace       used 1128K, committed 1344K, reserved 1056768K
  class space    used 100K, committed 192K, reserved 1048576K
GC Heap History (8 events):
Event: 21.549 GC heap before
{Heap before GC invocations=0 (full 0):
 garbage-first heap   total 194560K, used 14312K [0x0000000746e00000, 0x0000000800000000)
  region size 2048K, 6 young (12288K), 0 survivors (0K)
 Metaspace       used 1078K, committed 1280K, reserved 1056768K
  class space    used 100K, committed 192K, reserved 1048576K
}
Event: 21.556 GC heap after
{Heap after GC invocations=1 (full 0):
 garbage-first heap   total 194560K, used 7194K [0x0000000746e00000, 0x0000000800000000)
  region size 2048K, 1 young (2048K), 1 survivors (2048K)
 Metaspace       used 1078K, committed 1280K, reserved 1056768K
  class space    used 100K, committed 192K, reserved 1048576K
}
Event: 34.978 GC heap before
{Heap before GC invocations=1 (full 0):
 garbage-first heap   total 194560K, used 13338K [0x0000000746e00000, 0x0000000800000000)
  region size 2048K, 4 young (8192K), 1 survivors (2048K)
 Metaspace       used 1116K, committed 1280K, reserved 1056768K
  class space    used 100K, committed 192K, reserved 1048576K
}
Event: 34.980 GC heap after
{Heap after GC invocations=2 (full 0):
 garbage-first heap   total 194560K, used 8164K [0x0000000746e00000, 0x0000000800000000)
  region size 2048K, 1 young (2048K), 1 survivors (2048K)
 Metaspace       used 1116K, committed 1280K, reserved 1056768K
  class space    used 100K, committed 192K, reserved 1048576K
}
Event: 94.995 GC heap before
{Heap before GC invocations=2 (full 0):
 garbage-first heap   total 194560K, used 30692K [0x0000000746e00000, 0x0000000800000000)
  region size 2048K, 13 young (26624K), 1 survivors (2048K)
 Metaspace       used 1124K, committed 1344K, reserved 1056768K
  class space    used 100K, committed 192K, reserved 1048576K
}
Event: 94.999 GC heap after
{Heap after GC invocations=3 (full 0):
 garbage-first heap   total 194560K, used 16902K [0x0000000746e00000, 0x0000000800000000)
  region size 2048K, 2 young (4096K), 2 survivors (4096K)
 Metaspace       used 1124K, committed 1344K, reserved 1056768K
  class space    used 100K, committed 192K, reserved 1048576K
}
Event: 177.683 GC heap before
{Heap before GC invocations=3 (full 0):
 garbage-first heap   total 194560K, used 39430K [0x0000000746e00000, 0x0000000800000000)
  region size 2048K, 14 young (28672K), 2 survivors (4096K)
 Metaspace       used 1124K, committed 1344K, reserved 1056768K
  class space    used 100K, committed 192K, reserved 1048576K
}
Event: 177.688 GC heap after
{Heap after GC invocations=4 (full 0):
 garbage-first heap   total 194560K, used 24371K [0x0000000746e00000, 0x0000000800000000)
  region size 2048K, 2 young (4096K), 2 survivors (4096K)
 Metaspace       used 1124K, committed 1344K, reserved 1056768K
  class space    used 100K, committed 192K, reserved 1048576K
}

